===== System =====


TimeCreated      : 2026/5/13 21:36:34
ProviderName     : Schannel
Id               : 36871
LevelDisplayName : 错误
Message          : 创建 TLS 客户端 凭据时出现严重错误。内部错误状态为 10013。 
                    SSPI 客户端进程 OneDrive.Sync.Service （PID： 22576）。 

TimeCreated      : 2026/5/13 21:36:34
ProviderName     : Schannel
Id               : 36871
LevelDisplayName : 错误
Message          : 创建 TLS 客户端 凭据时出现严重错误。内部错误状态为 10013。 
                    SSPI 客户端进程 OneDrive.Sync.Service （PID： 22576）。 

TimeCreated      : 2026/5/13 21:36:25
ProviderName     : Schannel
Id               : 36871
LevelDisplayName : 错误
Message          : 创建 TLS 客户端 凭据时出现严重错误。内部错误状态为 10013。 
                    SSPI 客户端进程 OneDriveStandaloneUpdater （PID： 14052）。 

TimeCreated      : 2026/5/13 21:36:25
ProviderName     : Schannel
Id               : 36871
LevelDisplayName : 错误
Message          : 创建 TLS 客户端 凭据时出现严重错误。内部错误状态为 10013。 
                    SSPI 客户端进程 OneDriveStandaloneUpdater （PID： 14052）。 

TimeCreated      : 2026/5/13 21:22:42
ProviderName     : Schannel
Id               : 36871
LevelDisplayName : 错误
Message          : 创建 TLS 客户端 凭据时出现严重错误。内部错误状态为 10013。 
                    SSPI 客户端进程 msedgewebview2 （PID： 14880）。 

TimeCreated      : 2026/5/13 21:22:42
ProviderName     : Schannel
Id               : 36871
LevelDisplayName : 错误
Message          : 创建 TLS 客户端 凭据时出现严重错误。内部错误状态为 10013。 
                    SSPI 客户端进程 msedgewebview2 （PID： 14880）。 

TimeCreated      : 2026/5/13 21:22:35
ProviderName     : Schannel
Id               : 36871
LevelDisplayName : 错误
Message          : 创建 TLS 客户端 凭据时出现严重错误。内部错误状态为 10013。 
                    SSPI 客户端进程 Updater （PID： 18028）。 

TimeCreated      : 2026/5/13 21:22:35
ProviderName     : Schannel
Id               : 36871
LevelDisplayName : 错误
Message          : 创建 TLS 客户端 凭据时出现严重错误。内部错误状态为 10013。 
                    SSPI 客户端进程 Updater （PID： 18028）。 

TimeCreated      : 2026/5/13 21:05:23
ProviderName     : Schannel
Id               : 36871
LevelDisplayName : 错误
Message          : 创建 TLS 客户端 凭据时出现严重错误。内部错误状态为 10013。 
                    SSPI 客户端进程 wpsupdate （PID： 21068）。 

TimeCreated      : 2026/5/13 21:05:23
ProviderName     : Schannel
Id               : 36871
LevelDisplayName : 错误
Message          : 创建 TLS 客户端 凭据时出现严重错误。内部错误状态为 10013。 
                    SSPI 客户端进程 wpsupdate （PID： 21068）。 

TimeCreated      : 2026/5/13 20:27:54
ProviderName     : Schannel
Id               : 36871
LevelDisplayName : 错误
Message          : 创建 TLS 客户端 凭据时出现严重错误。内部错误状态为 10013。 
                    SSPI 客户端进程 msedgewebview2 （PID： 3828）。 

TimeCreated      : 2026/5/13 20:27:54
ProviderName     : Schannel
Id               : 36871
LevelDisplayName : 错误
Message          : 创建 TLS 客户端 凭据时出现严重错误。内部错误状态为 10013。 
                    SSPI 客户端进程 msedgewebview2 （PID： 3828）。 

TimeCreated      : 2026/5/13 20:23:55
ProviderName     : Schannel
Id               : 36871
LevelDisplayName : 错误
Message          : 创建 TLS 客户端 凭据时出现严重错误。内部错误状态为 10013。 
                    SSPI 客户端进程 SystemSettings （PID： 22376）。 

TimeCreated      : 2026/5/13 20:23:55
ProviderName     : Schannel
Id               : 36871
LevelDisplayName : 错误
Message          : 创建 TLS 客户端 凭据时出现严重错误。内部错误状态为 10013。 
                    SSPI 客户端进程 SystemSettings （PID： 22376）。 

TimeCreated      : 2026/5/13 20:22:56
ProviderName     : Schannel
Id               : 36871
LevelDisplayName : 错误
Message          : 创建 TLS 客户端 凭据时出现严重错误。内部错误状态为 10013。 
                    SSPI 客户端进程 winget （PID： 12908）。 

TimeCreated      : 2026/5/13 20:22:56
ProviderName     : Schannel
Id               : 36871
LevelDisplayName : 错误
Message          : 创建 TLS 客户端 凭据时出现严重错误。内部错误状态为 10013。 
                    SSPI 客户端进程 winget （PID： 12908）。 

TimeCreated      : 2026/5/13 20:22:38
ProviderName     : Schannel
Id               : 36871
LevelDisplayName : 错误
Message          : 创建 TLS 客户端 凭据时出现严重错误。内部错误状态为 10013。 
                    SSPI 客户端进程 SystemSettings （PID： 16496）。 

TimeCreated      : 2026/5/13 20:22:38
ProviderName     : Schannel
Id               : 36871
LevelDisplayName : 错误
Message          : 创建 TLS 客户端 凭据时出现严重错误。内部错误状态为 10013。 
                    SSPI 客户端进程 SystemSettings （PID： 16496）。 

TimeCreated      : 2026/5/13 20:17:53
ProviderName     : Schannel
Id               : 36871
LevelDisplayName : 错误
Message          : 创建 TLS 客户端 凭据时出现严重错误。内部错误状态为 10013。 
                    SSPI 客户端进程 OneDriveStandaloneUpdater （PID： 18416）。 

TimeCreated      : 2026/5/13 20:17:53
ProviderName     : Schannel
Id               : 36871
LevelDisplayName : 错误
Message          : 创建 TLS 客户端 凭据时出现严重错误。内部错误状态为 10013。 
                    SSPI 客户端进程 OneDriveStandaloneUpdater （PID： 18416）。 

TimeCreated      : 2026/5/13 19:55:46
ProviderName     : Schannel
Id               : 36871
LevelDisplayName : 错误
Message          : 创建 TLS 客户端 凭据时出现严重错误。内部错误状态为 10013。 
                    SSPI 客户端进程 FileCoAuth （PID： 10472）。 

TimeCreated      : 2026/5/13 19:55:46
ProviderName     : Schannel
Id               : 36871
LevelDisplayName : 错误
Message          : 创建 TLS 客户端 凭据时出现严重错误。内部错误状态为 10013。 
                    SSPI 客户端进程 FileCoAuth （PID： 10472）。 

TimeCreated      : 2026/5/13 19:50:34
ProviderName     : Schannel
Id               : 36871
LevelDisplayName : 错误
Message          : 创建 TLS 客户端 凭据时出现严重错误。内部错误状态为 10013。 
                    SSPI 客户端进程 winget （PID： 12472）。 

TimeCreated      : 2026/5/13 19:50:34
ProviderName     : Schannel
Id               : 36871
LevelDisplayName : 错误
Message          : 创建 TLS 客户端 凭据时出现严重错误。内部错误状态为 10013。 
                    SSPI 客户端进程 winget （PID： 12472）。 

TimeCreated      : 2026/5/13 19:46:27
ProviderName     : Schannel
Id               : 36871
LevelDisplayName : 错误
Message          : 创建 TLS 客户端 凭据时出现严重错误。内部错误状态为 10013。 
                    SSPI 客户端进程 msedge （PID： 5076）。 

TimeCreated      : 2026/5/13 19:46:27
ProviderName     : Schannel
Id               : 36871
LevelDisplayName : 错误
Message          : 创建 TLS 客户端 凭据时出现严重错误。内部错误状态为 10013。 
                    SSPI 客户端进程 msedge （PID： 5076）。 

TimeCreated      : 2026/5/13 19:46:23
ProviderName     : Schannel
Id               : 36871
LevelDisplayName : 错误
Message          : 创建 TLS 客户端 凭据时出现严重错误。内部错误状态为 10013。 
                    SSPI 客户端进程 QQ （PID： 10892）。 

TimeCreated      : 2026/5/13 19:46:23
ProviderName     : Schannel
Id               : 36871
LevelDisplayName : 错误
Message          : 创建 TLS 客户端 凭据时出现严重错误。内部错误状态为 10013。 
                    SSPI 客户端进程 QQ （PID： 10892）。 

TimeCreated      : 2026/5/13 19:33:13
ProviderName     : Schannel
Id               : 36871
LevelDisplayName : 错误
Message          : 创建 TLS 客户端 凭据时出现严重错误。内部错误状态为 10013。 
                    SSPI 客户端进程 taskhostw （PID： 10024）。 

TimeCreated      : 2026/5/13 19:33:13
ProviderName     : Schannel
Id               : 36871
LevelDisplayName : 错误
Message          : 创建 TLS 客户端 凭据时出现严重错误。内部错误状态为 10013。 
                    SSPI 客户端进程 taskhostw （PID： 10024）。 

TimeCreated      : 2026/5/13 19:21:55
ProviderName     : Schannel
Id               : 36871
LevelDisplayName : 错误
Message          : 创建 TLS 客户端 凭据时出现严重错误。内部错误状态为 10013。 
                    SSPI 客户端进程 wpsupdate （PID： 13704）。 

TimeCreated      : 2026/5/13 19:21:55
ProviderName     : Schannel
Id               : 36871
LevelDisplayName : 错误
Message          : 创建 TLS 客户端 凭据时出现严重错误。内部错误状态为 10013。 
                    SSPI 客户端进程 wpsupdate （PID： 13704）。 

TimeCreated      : 2026/5/13 19:12:30
ProviderName     : Schannel
Id               : 36871
LevelDisplayName : 错误
Message          : 创建 TLS 客户端 凭据时出现严重错误。内部错误状态为 10013。 
                    SSPI 客户端进程 OneDriveLauncher （PID： 12600）。 

TimeCreated      : 2026/5/13 19:12:30
ProviderName     : Schannel
Id               : 36871
LevelDisplayName : 错误
Message          : 创建 TLS 客户端 凭据时出现严重错误。内部错误状态为 10013。 
                    SSPI 客户端进程 OneDriveLauncher （PID： 12600）。 

TimeCreated      : 2026/5/13 19:10:45
ProviderName     : Schannel
Id               : 36871
LevelDisplayName : 错误
Message          : 创建 TLS 客户端 凭据时出现严重错误。内部错误状态为 10013。 
                    SSPI 客户端进程 FileCoAuth （PID： 12604）。 

TimeCreated      : 2026/5/13 19:10:45
ProviderName     : Schannel
Id               : 36871
LevelDisplayName : 错误
Message          : 创建 TLS 客户端 凭据时出现严重错误。内部错误状态为 10013。 
                    SSPI 客户端进程 FileCoAuth （PID： 12604）。 

TimeCreated      : 2026/5/13 19:10:44
ProviderName     : Schannel
Id               : 36871
LevelDisplayName : 错误
Message          : 创建 TLS 客户端 凭据时出现严重错误。内部错误状态为 10013。 
                    SSPI 客户端进程 SystemSettings （PID： 17468）。 

TimeCreated      : 2026/5/13 19:10:44
ProviderName     : Schannel
Id               : 36871
LevelDisplayName : 错误
Message          : 创建 TLS 客户端 凭据时出现严重错误。内部错误状态为 10013。 
                    SSPI 客户端进程 SystemSettings （PID： 17468）。 

TimeCreated      : 2026/5/13 19:03:45
ProviderName     : Schannel
Id               : 36871
LevelDisplayName : 错误
Message          : 创建 TLS 客户端 凭据时出现严重错误。内部错误状态为 10013。 
                    SSPI 客户端进程 BackgroundTransferHost （PID： 16260）。 

TimeCreated      : 2026/5/13 19:03:45
ProviderName     : Schannel
Id               : 36871
LevelDisplayName : 错误
Message          : 创建 TLS 客户端 凭据时出现严重错误。内部错误状态为 10013。 
                    SSPI 客户端进程 BackgroundTransferHost （PID： 16260）。 

TimeCreated      : 2026/5/13 19:03:43
ProviderName     : Schannel
Id               : 36871
LevelDisplayName : 错误
Message          : 创建 TLS 客户端 凭据时出现严重错误。内部错误状态为 10013。 
                    SSPI 客户端进程 backgroundTaskHost （PID： 10200）。 

TimeCreated      : 2026/5/13 19:03:43
ProviderName     : Schannel
Id               : 36871
LevelDisplayName : 错误
Message          : 创建 TLS 客户端 凭据时出现严重错误。内部错误状态为 10013。 
                    SSPI 客户端进程 backgroundTaskHost （PID： 10200）。 

TimeCreated      : 2026/5/13 19:03:38
ProviderName     : Schannel
Id               : 36871
LevelDisplayName : 错误
Message          : 创建 TLS 客户端 凭据时出现严重错误。内部错误状态为 10013。 
                    SSPI 客户端进程 msedgewebview2 （PID： 15280）。 

TimeCreated      : 2026/5/13 19:03:38
ProviderName     : Schannel
Id               : 36871
LevelDisplayName : 错误
Message          : 创建 TLS 客户端 凭据时出现严重错误。内部错误状态为 10013。 
                    SSPI 客户端进程 msedgewebview2 （PID： 15280）。 

TimeCreated      : 2026/5/13 19:02:50
ProviderName     : Schannel
Id               : 36871
LevelDisplayName : 错误
Message          : 创建 TLS 客户端 凭据时出现严重错误。内部错误状态为 10013。 
                    SSPI 客户端进程 msedge （PID： 17004）。 

TimeCreated      : 2026/5/13 19:02:50
ProviderName     : Schannel
Id               : 36871
LevelDisplayName : 错误
Message          : 创建 TLS 客户端 凭据时出现严重错误。内部错误状态为 10013。 
                    SSPI 客户端进程 msedge （PID： 17004）。 

TimeCreated      : 2026/5/13 19:02:47
ProviderName     : Schannel
Id               : 36871
LevelDisplayName : 错误
Message          : 创建 TLS 客户端 凭据时出现严重错误。内部错误状态为 10013。 
                    SSPI 客户端进程 FileCoAuth （PID： 11592）。 

TimeCreated      : 2026/5/13 19:02:47
ProviderName     : Schannel
Id               : 36871
LevelDisplayName : 错误
Message          : 创建 TLS 客户端 凭据时出现严重错误。内部错误状态为 10013。 
                    SSPI 客户端进程 FileCoAuth （PID： 11592）。 

TimeCreated      : 2026/5/13 19:02:46
ProviderName     : Schannel
Id               : 36871
LevelDisplayName : 错误
Message          : 创建 TLS 客户端 凭据时出现严重错误。内部错误状态为 10013。 
                    SSPI 客户端进程 OneDrive （PID： 8164）。 

TimeCreated      : 2026/5/13 19:02:46
ProviderName     : Schannel
Id               : 36871
LevelDisplayName : 错误
Message          : 创建 TLS 客户端 凭据时出现严重错误。内部错误状态为 10013。 
                    SSPI 客户端进程 OneDrive （PID： 8164）。 



===== Application =====


TimeCreated      : 2026/5/13 20:29:40
ProviderName     : SideBySide
Id               : 78
LevelDisplayName : 错误
Message          : 生成“D:\Jianying_Pro\JianyingPro.exe”的激活上下文失败。在指令清单或策略文件“”的第  行中出现错误。 应用程序所需的组件版本与已处于活动状态的另一个组件版本冲突。 冲
                   突的组件包括: 组件 1: C:\Windows\WinSxS\manifests\x86_microsoft.windows.common-controls_6595b64144ccf1df_6.0
                   .26100.1591_none_85bce2eff7a9f209.manifest。 组件 2: C:\Windows\WinSxS\manifests\amd64_microsoft.window
                   s.common-controls_6595b64144ccf1df_6.0.26100.1591_none_3e0fac18e32dc903.manifest。

TimeCreated      : 2026/5/13 20:28:06
ProviderName     : SideBySide
Id               : 78
LevelDisplayName : 错误
Message          : 生成“D:\Jianying_Pro\JianyingPro.exe”的激活上下文失败。在指令清单或策略文件“”的第  行中出现错误。 应用程序所需的组件版本与已处于活动状态的另一个组件版本冲突。 冲
                   突的组件包括: 组件 1: C:\Windows\WinSxS\manifests\x86_microsoft.windows.common-controls_6595b64144ccf1df_6.0
                   .26100.1591_none_85bce2eff7a9f209.manifest。 组件 2: C:\Windows\WinSxS\manifests\amd64_microsoft.window
                   s.common-controls_6595b64144ccf1df_6.0.26100.1591_none_3e0fac18e32dc903.manifest。

TimeCreated      : 2026/5/13 20:27:48
ProviderName     : Application Error
Id               : 1000
LevelDisplayName : 错误
Message          : 出错应用程序名称： dwm.exe，版本： 10.0.26100.1591，时间戳： 0x9e63362f
                   出错模块名称： amdxx64.dll， 版本： 32.0.21025.10016，时间戳： 0x68a80b2c
                   异常代码： 0xc0000005
                   错误偏移： 0x00000000000a24b4
                   出错进程 ID： 0x4EC0
                   出错应用程序开始时间： 0x1DCE2264C9BF866
                   Faulting 应用程序路径： C:\Windows\System32\dwm.exe
                   Faulting 模块路径： C:\Windows\System32\DriverStore\FileRepository\u0418637.inf_amd64_4462a7afa694670e\B4
                   18564\amdxx64.dll
                   Report ID： 211381f2-3094-4897-ad9c-cc49277ab963
                   Faulting 包全名： 
                   Faulting 程序包相对应用程序 ID：  个

TimeCreated      : 2026/5/13 20:25:25
ProviderName     : SideBySide
Id               : 78
LevelDisplayName : 错误
Message          : 生成“D:\Jianying_Pro\JianyingPro.exe”的激活上下文失败。在指令清单或策略文件“”的第  行中出现错误。 应用程序所需的组件版本与已处于活动状态的另一个组件版本冲突。 冲
                   突的组件包括: 组件 1: C:\Windows\WinSxS\manifests\x86_microsoft.windows.common-controls_6595b64144ccf1df_6.0
                   .26100.1591_none_85bce2eff7a9f209.manifest。 组件 2: C:\Windows\WinSxS\manifests\amd64_microsoft.window
                   s.common-controls_6595b64144ccf1df_6.0.26100.1591_none_3e0fac18e32dc903.manifest。

TimeCreated      : 2026/5/13 20:25:23
ProviderName     : SideBySide
Id               : 78
LevelDisplayName : 错误
Message          : 生成“D:\Jianying_Pro\JianyingPro.exe”的激活上下文失败。在指令清单或策略文件“”的第  行中出现错误。 应用程序所需的组件版本与已处于活动状态的另一个组件版本冲突。 冲
                   突的组件包括: 组件 1: C:\Windows\WinSxS\manifests\x86_microsoft.windows.common-controls_6595b64144ccf1df_6.0
                   .26100.1591_none_85bce2eff7a9f209.manifest。 组件 2: C:\Windows\WinSxS\manifests\amd64_microsoft.window
                   s.common-controls_6595b64144ccf1df_6.0.26100.1591_none_3e0fac18e32dc903.manifest。

TimeCreated      : 2026/5/13 20:23:49
ProviderName     : SideBySide
Id               : 78
LevelDisplayName : 错误
Message          : 生成“D:\Jianying_Pro\JianyingPro.exe”的激活上下文失败。在指令清单或策略文件“”的第  行中出现错误。 应用程序所需的组件版本与已处于活动状态的另一个组件版本冲突。 冲
                   突的组件包括: 组件 1: C:\Windows\WinSxS\manifests\x86_microsoft.windows.common-controls_6595b64144ccf1df_6.0
                   .26100.1591_none_85bce2eff7a9f209.manifest。 组件 2: C:\Windows\WinSxS\manifests\amd64_microsoft.window
                   s.common-controls_6595b64144ccf1df_6.0.26100.1591_none_3e0fac18e32dc903.manifest。

TimeCreated      : 2026/5/13 20:19:35
ProviderName     : Application Error
Id               : 1000
LevelDisplayName : 错误
Message          : 出错应用程序名称： RtkAudUService64.exe，版本： 1.1.652.1，时间戳： 0x66b1e08a
                   出错模块名称： RPCRT4.dll， 版本： 10.0.26100.1150，时间戳： 0xb6f770d3
                   异常代码： 0xc0000005
                   错误偏移： 0x0000000000058795
                   出错进程 ID： 0x2CB4
                   出错应用程序开始时间： 0x1DCE2C806963DFA
                   Faulting 应用程序路径： C:\Windows\System32\DriverStore\FileRepository\realtekservice.inf_amd64_32b266092fc
                   6592d\RtkAudUService64.exe
                   Faulting 模块路径： C:\Windows\System32\RPCRT4.dll
                   Report ID： d7432bab-3bc0-482f-9fea-f4cc1b9725cb
                   Faulting 包全名： 
                   Faulting 程序包相对应用程序 ID：  个

TimeCreated      : 2026/5/13 19:51:43
ProviderName     : SideBySide
Id               : 78
LevelDisplayName : 错误
Message          : 生成“D:\Jianying_Pro\JianyingPro.exe”的激活上下文失败。在指令清单或策略文件“”的第  行中出现错误。 应用程序所需的组件版本与已处于活动状态的另一个组件版本冲突。 冲
                   突的组件包括: 组件 1: C:\Windows\WinSxS\manifests\x86_microsoft.windows.common-controls_6595b64144ccf1df_6.0
                   .26100.1591_none_85bce2eff7a9f209.manifest。 组件 2: C:\Windows\WinSxS\manifests\amd64_microsoft.window
                   s.common-controls_6595b64144ccf1df_6.0.26100.1591_none_3e0fac18e32dc903.manifest。

TimeCreated      : 2026/5/13 19:08:00
ProviderName     : SideBySide
Id               : 78
LevelDisplayName : 错误
Message          : 生成“D:\Jianying_Pro\JianyingPro.exe”的激活上下文失败。在指令清单或策略文件“”的第  行中出现错误。 应用程序所需的组件版本与已处于活动状态的另一个组件版本冲突。 冲
                   突的组件包括: 组件 1: C:\Windows\WinSxS\manifests\x86_microsoft.windows.common-controls_6595b64144ccf1df_6.0
                   .26100.1591_none_85bce2eff7a9f209.manifest。 组件 2: C:\Windows\WinSxS\manifests\amd64_microsoft.window
                   s.common-controls_6595b64144ccf1df_6.0.26100.1591_none_3e0fac18e32dc903.manifest。

TimeCreated      : 2026/5/13 19:02:37
ProviderName     : SideBySide
Id               : 78
LevelDisplayName : 错误
Message          : 生成“D:\Jianying_Pro\JianyingPro.exe”的激活上下文失败。在指令清单或策略文件“”的第  行中出现错误。 应用程序所需的组件版本与已处于活动状态的另一个组件版本冲突。 冲
                   突的组件包括: 组件 1: C:\Windows\WinSxS\manifests\x86_microsoft.windows.common-controls_6595b64144ccf1df_6.0
                   .26100.1591_none_85bce2eff7a9f209.manifest。 组件 2: C:\Windows\WinSxS\manifests\amd64_microsoft.window
                   s.common-controls_6595b64144ccf1df_6.0.26100.1591_none_3e0fac18e32dc903.manifest。

TimeCreated      : 2026/5/12 20:22:54
ProviderName     : SideBySide
Id               : 78
LevelDisplayName : 错误
Message          : 生成“D:\Jianying_Pro\JianyingPro.exe”的激活上下文失败。在指令清单或策略文件“”的第  行中出现错误。 应用程序所需的组件版本与已处于活动状态的另一个组件版本冲突。 冲
                   突的组件包括: 组件 1: C:\Windows\WinSxS\manifests\x86_microsoft.windows.common-controls_6595b64144ccf1df_6.0
                   .26100.1591_none_85bce2eff7a9f209.manifest。 组件 2: C:\Windows\WinSxS\manifests\amd64_microsoft.window
                   s.common-controls_6595b64144ccf1df_6.0.26100.1591_none_3e0fac18e32dc903.manifest。

TimeCreated      : 2026/5/12 20:18:15
ProviderName     : SideBySide
Id               : 78
LevelDisplayName : 错误
Message          : 生成“D:\Jianying_Pro\JianyingPro.exe”的激活上下文失败。在指令清单或策略文件“”的第  行中出现错误。 应用程序所需的组件版本与已处于活动状态的另一个组件版本冲突。 冲
                   突的组件包括: 组件 1: C:\Windows\WinSxS\manifests\x86_microsoft.windows.common-controls_6595b64144ccf1df_6.0
                   .26100.1591_none_85bce2eff7a9f209.manifest。 组件 2: C:\Windows\WinSxS\manifests\amd64_microsoft.window
                   s.common-controls_6595b64144ccf1df_6.0.26100.1591_none_3e0fac18e32dc903.manifest。

TimeCreated      : 2026/5/12 19:20:14
ProviderName     : SideBySide
Id               : 78
LevelDisplayName : 错误
Message          : 生成“D:\Jianying_Pro\JianyingPro.exe”的激活上下文失败。在指令清单或策略文件“”的第  行中出现错误。 应用程序所需的组件版本与已处于活动状态的另一个组件版本冲突。 冲
                   突的组件包括: 组件 1: C:\Windows\WinSxS\manifests\x86_microsoft.windows.common-controls_6595b64144ccf1df_6.0
                   .26100.1591_none_85bce2eff7a9f209.manifest。 组件 2: C:\Windows\WinSxS\manifests\amd64_microsoft.window
                   s.common-controls_6595b64144ccf1df_6.0.26100.1591_none_3e0fac18e32dc903.manifest。

TimeCreated      : 2026/5/12 19:17:27
ProviderName     : SideBySide
Id               : 78
LevelDisplayName : 错误
Message          : 生成“D:\Jianying_Pro\JianyingPro.exe”的激活上下文失败。在指令清单或策略文件“”的第  行中出现错误。 应用程序所需的组件版本与已处于活动状态的另一个组件版本冲突。 冲
                   突的组件包括: 组件 1: C:\Windows\WinSxS\manifests\x86_microsoft.windows.common-controls_6595b64144ccf1df_6.0
                   .26100.1591_none_85bce2eff7a9f209.manifest。 组件 2: C:\Windows\WinSxS\manifests\amd64_microsoft.window
                   s.common-controls_6595b64144ccf1df_6.0.26100.1591_none_3e0fac18e32dc903.manifest。

TimeCreated      : 2026/5/12 0:01:03
ProviderName     : VSS
Id               : 13
LevelDisplayName : 错误
Message          : 卷影复制服务信息: 无法启动 CLSID 为 {4e14fba2-2e22-11d1-9964-00c04fbbb345} 、名称为 CEventSystem 的 COM 服务器。[0x8007045
                   b, 系统正在关机。
                   ] 

TimeCreated      : 2026/5/11 23:20:52
ProviderName     : SideBySide
Id               : 78
LevelDisplayName : 错误
Message          : 生成“D:\Jianying_Pro\JianyingPro.exe”的激活上下文失败。在指令清单或策略文件“”的第  行中出现错误。 应用程序所需的组件版本与已处于活动状态的另一个组件版本冲突。 冲
                   突的组件包括: 组件 1: C:\Windows\WinSxS\manifests\x86_microsoft.windows.common-controls_6595b64144ccf1df_6.0
                   .26100.1591_none_85bce2eff7a9f209.manifest。 组件 2: C:\Windows\WinSxS\manifests\amd64_microsoft.window
                   s.common-controls_6595b64144ccf1df_6.0.26100.1591_none_3e0fac18e32dc903.manifest。

TimeCreated      : 2026/5/11 23:20:49
ProviderName     : SideBySide
Id               : 78
LevelDisplayName : 错误
Message          : 生成“D:\Jianying_Pro\JianyingPro.exe”的激活上下文失败。在指令清单或策略文件“”的第  行中出现错误。 应用程序所需的组件版本与已处于活动状态的另一个组件版本冲突。 冲
                   突的组件包括: 组件 1: C:\Windows\WinSxS\manifests\x86_microsoft.windows.common-controls_6595b64144ccf1df_6.0
                   .26100.1591_none_85bce2eff7a9f209.manifest。 组件 2: C:\Windows\WinSxS\manifests\amd64_microsoft.window
                   s.common-controls_6595b64144ccf1df_6.0.26100.1591_none_3e0fac18e32dc903.manifest。

TimeCreated      : 2026/5/11 23:20:31
ProviderName     : SideBySide
Id               : 78
LevelDisplayName : 错误
Message          : 生成“D:\Jianying_Pro\JianyingPro.exe”的激活上下文失败。在指令清单或策略文件“”的第  行中出现错误。 应用程序所需的组件版本与已处于活动状态的另一个组件版本冲突。 冲
                   突的组件包括: 组件 1: C:\Windows\WinSxS\manifests\x86_microsoft.windows.common-controls_6595b64144ccf1df_6.0
                   .26100.1591_none_85bce2eff7a9f209.manifest。 组件 2: C:\Windows\WinSxS\manifests\amd64_microsoft.window
                   s.common-controls_6595b64144ccf1df_6.0.26100.1591_none_3e0fac18e32dc903.manifest。

TimeCreated      : 2026/5/11 23:10:09
ProviderName     : SideBySide
Id               : 78
LevelDisplayName : 错误
Message          : 生成“D:\Jianying_Pro\JianyingPro.exe”的激活上下文失败。在指令清单或策略文件“”的第  行中出现错误。 应用程序所需的组件版本与已处于活动状态的另一个组件版本冲突。 冲
                   突的组件包括: 组件 1: C:\Windows\WinSxS\manifests\x86_microsoft.windows.common-controls_6595b64144ccf1df_6.0
                   .26100.1591_none_85bce2eff7a9f209.manifest。 组件 2: C:\Windows\WinSxS\manifests\amd64_microsoft.window
                   s.common-controls_6595b64144ccf1df_6.0.26100.1591_none_3e0fac18e32dc903.manifest。

TimeCreated      : 2026/5/11 23:05:42
ProviderName     : SideBySide
Id               : 78
LevelDisplayName : 错误
Message          : 生成“D:\Jianying_Pro\JianyingPro.exe”的激活上下文失败。在指令清单或策略文件“”的第  行中出现错误。 应用程序所需的组件版本与已处于活动状态的另一个组件版本冲突。 冲
                   突的组件包括: 组件 1: C:\Windows\WinSxS\manifests\x86_microsoft.windows.common-controls_6595b64144ccf1df_6.0
                   .26100.1591_none_85bce2eff7a9f209.manifest。 组件 2: C:\Windows\WinSxS\manifests\amd64_microsoft.window
                   s.common-controls_6595b64144ccf1df_6.0.26100.1591_none_3e0fac18e32dc903.manifest。

TimeCreated      : 2026/5/11 22:35:41
ProviderName     : SideBySide
Id               : 78
LevelDisplayName : 错误
Message          : 生成“D:\Jianying_Pro\JianyingPro.exe”的激活上下文失败。在指令清单或策略文件“”的第  行中出现错误。 应用程序所需的组件版本与已处于活动状态的另一个组件版本冲突。 冲
                   突的组件包括: 组件 1: C:\Windows\WinSxS\manifests\x86_microsoft.windows.common-controls_6595b64144ccf1df_6.0
                   .26100.1591_none_85bce2eff7a9f209.manifest。 组件 2: C:\Windows\WinSxS\manifests\amd64_microsoft.window
                   s.common-controls_6595b64144ccf1df_6.0.26100.1591_none_3e0fac18e32dc903.manifest。

TimeCreated      : 2026/5/11 22:32:43
ProviderName     : SideBySide
Id               : 78
LevelDisplayName : 错误
Message          : 生成“D:\Jianying_Pro\JianyingPro.exe”的激活上下文失败。在指令清单或策略文件“”的第  行中出现错误。 应用程序所需的组件版本与已处于活动状态的另一个组件版本冲突。 冲
                   突的组件包括: 组件 1: C:\Windows\WinSxS\manifests\x86_microsoft.windows.common-controls_6595b64144ccf1df_6.0
                   .26100.1591_none_85bce2eff7a9f209.manifest。 组件 2: C:\Windows\WinSxS\manifests\amd64_microsoft.window
                   s.common-controls_6595b64144ccf1df_6.0.26100.1591_none_3e0fac18e32dc903.manifest。

TimeCreated      : 2026/5/11 22:15:43
ProviderName     : SideBySide
Id               : 78
LevelDisplayName : 错误
Message          : 生成“D:\Jianying_Pro\JianyingPro.exe”的激活上下文失败。在指令清单或策略文件“”的第  行中出现错误。 应用程序所需的组件版本与已处于活动状态的另一个组件版本冲突。 冲
                   突的组件包括: 组件 1: C:\Windows\WinSxS\manifests\x86_microsoft.windows.common-controls_6595b64144ccf1df_6.0
                   .26100.1591_none_85bce2eff7a9f209.manifest。 组件 2: C:\Windows\WinSxS\manifests\amd64_microsoft.window
                   s.common-controls_6595b64144ccf1df_6.0.26100.1591_none_3e0fac18e32dc903.manifest。

TimeCreated      : 2026/5/11 22:03:44
ProviderName     : SideBySide
Id               : 78
LevelDisplayName : 错误
Message          : 生成“D:\Jianying_Pro\JianyingPro.exe”的激活上下文失败。在指令清单或策略文件“”的第  行中出现错误。 应用程序所需的组件版本与已处于活动状态的另一个组件版本冲突。 冲
                   突的组件包括: 组件 1: C:\Windows\WinSxS\manifests\x86_microsoft.windows.common-controls_6595b64144ccf1df_6.0
                   .26100.1591_none_85bce2eff7a9f209.manifest。 组件 2: C:\Windows\WinSxS\manifests\amd64_microsoft.window
                   s.common-controls_6595b64144ccf1df_6.0.26100.1591_none_3e0fac18e32dc903.manifest。

TimeCreated      : 2026/5/11 22:03:26
ProviderName     : SideBySide
Id               : 78
LevelDisplayName : 错误
Message          : 生成“D:\Jianying_Pro\JianyingPro.exe”的激活上下文失败。在指令清单或策略文件“”的第  行中出现错误。 应用程序所需的组件版本与已处于活动状态的另一个组件版本冲突。 冲
                   突的组件包括: 组件 1: C:\Windows\WinSxS\manifests\x86_microsoft.windows.common-controls_6595b64144ccf1df_6.0
                   .26100.1591_none_85bce2eff7a9f209.manifest。 组件 2: C:\Windows\WinSxS\manifests\amd64_microsoft.window
                   s.common-controls_6595b64144ccf1df_6.0.26100.1591_none_3e0fac18e32dc903.manifest。

TimeCreated      : 2026/5/11 22:00:43
ProviderName     : SideBySide
Id               : 78
LevelDisplayName : 错误
Message          : 生成“D:\Jianying_Pro\JianyingPro.exe”的激活上下文失败。在指令清单或策略文件“”的第  行中出现错误。 应用程序所需的组件版本与已处于活动状态的另一个组件版本冲突。 冲
                   突的组件包括: 组件 1: C:\Windows\WinSxS\manifests\x86_microsoft.windows.common-controls_6595b64144ccf1df_6.0
                   .26100.1591_none_85bce2eff7a9f209.manifest。 组件 2: C:\Windows\WinSxS\manifests\amd64_microsoft.window
                   s.common-controls_6595b64144ccf1df_6.0.26100.1591_none_3e0fac18e32dc903.manifest。

TimeCreated      : 2026/5/11 22:00:36
ProviderName     : SideBySide
Id               : 78
LevelDisplayName : 错误
Message          : 生成“D:\Jianying_Pro\JianyingPro.exe”的激活上下文失败。在指令清单或策略文件“”的第  行中出现错误。 应用程序所需的组件版本与已处于活动状态的另一个组件版本冲突。 冲
                   突的组件包括: 组件 1: C:\Windows\WinSxS\manifests\x86_microsoft.windows.common-controls_6595b64144ccf1df_6.0
                   .26100.1591_none_85bce2eff7a9f209.manifest。 组件 2: C:\Windows\WinSxS\manifests\amd64_microsoft.window
                   s.common-controls_6595b64144ccf1df_6.0.26100.1591_none_3e0fac18e32dc903.manifest。

TimeCreated      : 2026/5/11 20:22:45
ProviderName     : SideBySide
Id               : 78
LevelDisplayName : 错误
Message          : 生成“D:\Jianying_Pro\JianyingPro.exe”的激活上下文失败。在指令清单或策略文件“”的第  行中出现错误。 应用程序所需的组件版本与已处于活动状态的另一个组件版本冲突。 冲
                   突的组件包括: 组件 1: C:\Windows\WinSxS\manifests\x86_microsoft.windows.common-controls_6595b64144ccf1df_6.0
                   .26100.1591_none_85bce2eff7a9f209.manifest。 组件 2: C:\Windows\WinSxS\manifests\amd64_microsoft.window
                   s.common-controls_6595b64144ccf1df_6.0.26100.1591_none_3e0fac18e32dc903.manifest。



